<?xml version="1.0" encoding="UTF-8"?>
<TestRun id="ac9f1bd0-a808-47e7-b92e-199e9cc100f5" name="robert@ROBERT-MBP-WIN 2010-12-06 19:58:25" runUser="Robert-MBP-Win\robert" xmlns="http://microsoft.com/schemas/VisualStudio/TeamTest/2010">
  <TestSettings name="Local" id="5967d207-a91c-4af1-9929-2be73cf006a5">
    <Description>These are default test settings for a local test run.</Description>
    <Deployment enabled="false" runDeploymentRoot="robert_ROBERT-MBP-WIN 2010-12-06 19_58_25" />
    <Execution>
      <TestTypeSpecific />
      <AgentRule name="Execution Agents">
      </AgentRule>
    </Execution>
  </TestSettings>
  <Times creation="2010-12-06T19:58:25.0622388+01:00" queuing="2010-12-06T19:58:25.5225471+01:00" start="2010-12-06T19:58:25.7531899+01:00" finish="2010-12-06T19:58:26.2291350+01:00" />
  <ResultSummary outcome="Failed">
    <Counters total="1" executed="1" error="0" failed="1" timeout="0" aborted="0" inconclusive="0" passedButRunAborted="0" notRunnable="0" notExecuted="0" disconnected="0" warning="0" passed="0" completed="0" inProgress="0" pending="0" />
  </ResultSummary>
  <TestDefinitions>
    <UnitTest name="SessionLess" storage="c:\users\robert\documents\visual studio 2010\projects\blogposts\mvcsessionless\mvcsessionless.tests\bin\debug\mvcsessionless.tests.dll" id="22d824e9-7772-d6cc-7e64-03acfec3ffce">
      <Execution timeOut="1800000" id="cb63670a-9b68-480e-b10b-eebb7142c4fc" />
      <TestMethod codeBase="C:/Users/robert/Documents/Visual Studio 2010/Projects/Blogposts/MvcSessionless/MvcSessionless.Tests/bin/Debug/MvcSessionless.Tests.DLL" adapterTypeName="Microsoft.VisualStudio.TestTools.TestTypes.Unit.UnitTestAdapter, Microsoft.VisualStudio.QualityTools.Tips.UnitTest.Adapter, Version=10.0.0.0, Culture=neutral, PublicKeyToken=b03f5f7f11d50a3a" className="MvcSessionless.Tests.Performance, MvcSessionless.Tests, Version=1.0.0.0, Culture=neutral, PublicKeyToken=null" name="SessionLess" />
    </UnitTest>
  </TestDefinitions>
  <TestLists>
    <TestList name="Results Not in a List" id="8c84fa94-04c1-424b-9868-57a2d4851a1d" />
    <TestList name="All Loaded Results" id="19431567-8539-422a-85d7-44ee4e166bda" />
  </TestLists>
  <TestEntries>
    <TestEntry testId="22d824e9-7772-d6cc-7e64-03acfec3ffce" executionId="cb63670a-9b68-480e-b10b-eebb7142c4fc" testListId="8c84fa94-04c1-424b-9868-57a2d4851a1d" />
  </TestEntries>
  <Results>
    <UnitTestResult executionId="cb63670a-9b68-480e-b10b-eebb7142c4fc" testId="22d824e9-7772-d6cc-7e64-03acfec3ffce" testName="SessionLess" computerName="ROBERT-MBP-WIN" duration="00:00:00.2131547" startTime="2010-12-06T19:58:25.8137825+01:00" endTime="2010-12-06T19:58:26.1177228+01:00" testType="13cdc9d9-ddb5-4fa4-a97d-d965ccfc6d4b" outcome="Failed" testListId="8c84fa94-04c1-424b-9868-57a2d4851a1d" relativeResultsDirectory="cb63670a-9b68-480e-b10b-eebb7142c4fc">
      <Output>
        <ErrorInfo>
          <Message>Test method MvcSessionless.Tests.Performance.SessionLess threw exception: 
System.NullReferenceException: Object reference not set to an instance of an object.</Message>
          <StackTrace>    at MvcSessionless.Controllers.SessionLessController.Index() in C:\Users\robert\Documents\Visual Studio 2010\Projects\Blogposts\MvcSessionless\MvcSessionless\Controllers\SessionLessController.cs:line 19
   at MvcSessionless.Tests.Performance.SessionLess() in C:\Users\robert\Documents\Visual Studio 2010\Projects\Blogposts\MvcSessionless\MvcSessionless.Tests\Performance.cs:line 22
</StackTrace>
        </ErrorInfo>
      </Output>
    </UnitTestResult>
  </Results>
</TestRun>