<?xml version="1.0" encoding="UTF-8"?>
<TestRun id="7b01563f-cecb-4e9c-a08b-aeac65c641d0" name="robert@ROBERT-MBP-WIN 2010-12-06 19:56:56" runUser="Robert-MBP-Win\robert" xmlns="http://microsoft.com/schemas/VisualStudio/TeamTest/2010">
  <TestSettings name="Local" id="5967d207-a91c-4af1-9929-2be73cf006a5">
    <Description>These are default test settings for a local test run.</Description>
    <Deployment enabled="false" runDeploymentRoot="robert_ROBERT-MBP-WIN 2010-12-06 19_56_56" />
    <Execution>
      <TestTypeSpecific />
      <AgentRule name="Execution Agents">
      </AgentRule>
    </Execution>
  </TestSettings>
  <Times creation="2010-12-06T19:56:56.0247746+01:00" queuing="2010-12-06T19:56:56.5633771+01:00" start="2010-12-06T19:56:56.8048196+01:00" finish="2010-12-06T19:56:57.0765646+01:00" />
  <ResultSummary outcome="Completed">
    <Counters total="1" executed="1" passed="1" error="0" failed="0" timeout="0" aborted="0" inconclusive="0" passedButRunAborted="0" notRunnable="0" notExecuted="0" disconnected="0" warning="0" completed="0" inProgress="0" pending="0" />
  </ResultSummary>
  <TestDefinitions>
    <UnitTest name="SessionLess" storage="c:\users\robert\documents\visual studio 2010\projects\blogposts\mvcsessionless\mvcsessionless.tests\bin\debug\mvcsessionless.tests.dll" id="22d824e9-7772-d6cc-7e64-03acfec3ffce">
      <Execution timeOut="1800000" id="a900b8a6-7346-4d14-87e8-3713915886c0" />
      <TestMethod codeBase="C:/Users/robert/Documents/Visual Studio 2010/Projects/Blogposts/MvcSessionless/MvcSessionless.Tests/bin/Debug/MvcSessionless.Tests.DLL" adapterTypeName="Microsoft.VisualStudio.TestTools.TestTypes.Unit.UnitTestAdapter, Microsoft.VisualStudio.QualityTools.Tips.UnitTest.Adapter, Version=10.0.0.0, Culture=neutral, PublicKeyToken=b03f5f7f11d50a3a" className="MvcSessionless.Tests.Performance, MvcSessionless.Tests, Version=1.0.0.0, Culture=neutral, PublicKeyToken=null" name="SessionLess" />
    </UnitTest>
  </TestDefinitions>
  <TestLists>
    <TestList name="Results Not in a List" id="8c84fa94-04c1-424b-9868-57a2d4851a1d" />
    <TestList name="All Loaded Results" id="19431567-8539-422a-85d7-44ee4e166bda" />
  </TestLists>
  <TestEntries>
    <TestEntry testId="22d824e9-7772-d6cc-7e64-03acfec3ffce" executionId="a900b8a6-7346-4d14-87e8-3713915886c0" testListId="8c84fa94-04c1-424b-9868-57a2d4851a1d" />
  </TestEntries>
  <Results>
    <UnitTestResult executionId="a900b8a6-7346-4d14-87e8-3713915886c0" testId="22d824e9-7772-d6cc-7e64-03acfec3ffce" testName="SessionLess" computerName="ROBERT-MBP-WIN" duration="00:00:00.0458449" startTime="2010-12-06T19:56:56.8683571+01:00" endTime="2010-12-06T19:56:56.9973871+01:00" testType="13cdc9d9-ddb5-4fa4-a97d-d965ccfc6d4b" outcome="Passed" testListId="8c84fa94-04c1-424b-9868-57a2d4851a1d" relativeResultsDirectory="a900b8a6-7346-4d14-87e8-3713915886c0">
      <Output>
        <StdOut>Time Elapsed Ticks: 3422</StdOut>
      </Output>
    </UnitTestResult>
  </Results>
</TestRun>