<?xml version="1.0" encoding="UTF-8"?>
<TestRun id="e0929037-46ee-43f1-9cee-8d0d4a2a954e" name="rmu@WUM144031 2009-04-13 21:20:59" runUser="MMSDOM\rmu" xmlns="http://microsoft.com/schemas/VisualStudio/TeamTest/2006">
  <TestRunConfiguration name="Local Test Run" id="8b0a1fd5-19fb-43f8-a84a-36a263ae441a">
    <Description>This is a default test run configuration for a local test run.</Description>
    <Deployment runDeploymentRoot="C:\Users\rmu\Documents\Visual Studio 2008\Projects\Blogposts\AsyncIntro\TestResults\rmu_WUM144031 2009-04-13 21_20_59">
      <DeploymentItem filename="C:\Users\rmu\Documents\Visual Studio 2008\Projects\Blogposts\AsyncIntro\AsyncIntro\bin\Debug\AsyncIntro.exe" />
    </Deployment>
    <TestTypeSpecific />
  </TestRunConfiguration>
  <ResultSummary outcome="Completed">
    <Counters total="1" executed="1" passed="1" error="0" failed="0" timeout="0" aborted="0" inconclusive="0" passedButRunAborted="0" notRunnable="0" notExecuted="0" disconnected="0" warning="0" completed="0" inProgress="0" pending="0" />
  </ResultSummary>
  <Times creation="2009-04-13T21:20:59.2147428+02:00" queuing="2009-04-13T21:21:00.2877428+02:00" start="2009-04-13T21:21:00.3287428+02:00" finish="2009-04-13T21:21:12.0427428+02:00" />
  <TestDefinitions>
    <UnitTest name="GetCustomersAsync_Raised_GetCustomersAsyncCompleted_Event" storage="c:\users\rmu\documents\visual studio 2008\projects\blogposts\asyncintro\asyncintrotests\bin\debug\asyncintrotests.dll" id="f54364e9-2b74-1c78-6070-df0309b86522">
      <Css projectStructure="" iteration="" />
      <Owners>
        <Owner name="" />
      </Owners>
      <Execution id="3a7b2cd6-8870-4b22-abca-2f9cb32813a2" />
      <TestMethod codeBase="C:\Users\rmu\Documents\Visual Studio 2008\Projects\Blogposts\AsyncIntro\AsyncIntroTests\bin\Debug\AsyncIntroTests.dll" adapterTypeName="Microsoft.VisualStudio.TestTools.TestTypes.Unit.UnitTestAdapter, Microsoft.VisualStudio.QualityTools.Tips.UnitTest.Adapter, Version=9.0.0.0, Culture=neutral, PublicKeyToken=b03f5f7f11d50a3a" className="AsyncIntroTests.CustomerRepositoryTests, AsyncIntroTests" name="GetCustomersAsync_Raised_GetCustomersAsyncCompleted_Event" />
    </UnitTest>
  </TestDefinitions>
  <TestLists>
    <TestList name="Results Not in a List" id="8c84fa94-04c1-424b-9868-57a2d4851a1d" />
    <TestList name="All Loaded Results" id="19431567-8539-422a-85d7-44ee4e166bda" />
  </TestLists>
  <TestEntries>
    <TestEntry testId="f54364e9-2b74-1c78-6070-df0309b86522" executionId="3a7b2cd6-8870-4b22-abca-2f9cb32813a2" testListId="8c84fa94-04c1-424b-9868-57a2d4851a1d" />
  </TestEntries>
  <Results>
    <UnitTestResult executionId="3a7b2cd6-8870-4b22-abca-2f9cb32813a2" testId="f54364e9-2b74-1c78-6070-df0309b86522" testName="GetCustomersAsync_Raised_GetCustomersAsyncCompleted_Event" computerName="WUM144031" duration="00:00:10.0448198" startTime="2009-04-13T21:21:00.3507428+02:00" endTime="2009-04-13T21:21:12.0127428+02:00" testType="13cdc9d9-ddb5-4fa4-a97d-d965ccfc6d4b" outcome="Passed" testListId="8c84fa94-04c1-424b-9868-57a2d4851a1d">
      <Output>
      </Output>
    </UnitTestResult>
  </Results>
</TestRun>