<?xml version="1.0" encoding="UTF-8"?>
<TestRun id="d7f103c3-8cf3-433c-afab-0a85d42608fd" name="rmu@WUM144031 2008-06-23 20:28:20" runUser="MMSDOM\rmu" xmlns="http://microsoft.com/schemas/VisualStudio/TeamTest/2006">
  <TestRunConfiguration name="Local Test Run" id="0b73bf9f-50b7-4440-b355-e176a0e58cfe">
    <Description>This is a default test run configuration for a local test run.</Description>
    <Deployment runDeploymentRoot="C:\Users\rmu\Documents\Visual Studio 2008\Projects\Blogposts\DllMembership\TestResults\rmu_WUM144031 2008-06-23 20_28_20">
      <DeploymentItem filename="C:\Users\rmu\Documents\Visual Studio 2008\Projects\Blogposts\DllMembership\DllMembership.Lib\bin\Debug\DllMembership.Lib.dll" />
    </Deployment>
    <TestTypeSpecific />
  </TestRunConfiguration>
  <ResultSummary outcome="Completed">
    <Counters total="1" executed="1" passed="1" error="0" failed="0" timeout="0" aborted="0" inconclusive="0" passedButRunAborted="0" notRunnable="0" notExecuted="0" disconnected="0" warning="0" completed="0" inProgress="0" pending="0" />
  </ResultSummary>
  <Times creation="2008-06-23T20:28:20.8826000+02:00" queuing="2008-06-23T20:28:21.4666000+02:00" start="2008-06-23T20:28:21.5636000+02:00" finish="2008-06-23T20:28:22.2846000+02:00" />
  <TestDefinitions>
    <UnitTest name="MembershipService_Get_One_User" storage="c:\users\rmu\documents\visual studio 2008\projects\blogposts\dllmembership\dllmembership.test\bin\debug\dllmembership.test.dll" id="26fceb08-2ac5-8ab0-ae88-dbfc7e04af01">
      <Css projectStructure="" iteration="" />
      <Owners>
        <Owner name="" />
      </Owners>
      <Execution id="ca7ba7f1-9b43-4195-980f-a08e78de3d0c" />
      <TestMethod codeBase="C:\Users\rmu\Documents\Visual Studio 2008\Projects\Blogposts\DllMembership\DllMembership.Test\bin\Debug\DllMembership.Test.dll" adapterTypeName="Microsoft.VisualStudio.TestTools.TestTypes.Unit.UnitTestAdapter, Microsoft.VisualStudio.QualityTools.Tips.UnitTest.Adapter, Version=9.0.0.0, Culture=neutral, PublicKeyToken=b03f5f7f11d50a3a" className="DllMembership.Test.MembershipServiceTest, DllMembership.Test" name="MembershipService_Get_One_User" />
    </UnitTest>
  </TestDefinitions>
  <TestLists>
    <TestList name="Results Not in a List" id="8c84fa94-04c1-424b-9868-57a2d4851a1d" />
    <TestList name="All Loaded Results" id="19431567-8539-422a-85d7-44ee4e166bda" />
  </TestLists>
  <TestEntries>
    <TestEntry testId="26fceb08-2ac5-8ab0-ae88-dbfc7e04af01" executionId="ca7ba7f1-9b43-4195-980f-a08e78de3d0c" testListId="8c84fa94-04c1-424b-9868-57a2d4851a1d" />
  </TestEntries>
  <Results>
    <UnitTestResult executionId="ca7ba7f1-9b43-4195-980f-a08e78de3d0c" testId="26fceb08-2ac5-8ab0-ae88-dbfc7e04af01" testName="MembershipService_Get_One_User" computerName="WUM144031" duration="00:00:00.5107034" startTime="2008-06-23T20:28:21.5816000+02:00" endTime="2008-06-23T20:28:22.2776000+02:00" testType="13cdc9d9-ddb5-4fa4-a97d-d965ccfc6d4b" outcome="Passed" testListId="8c84fa94-04c1-424b-9868-57a2d4851a1d">
      <Output>
      </Output>
    </UnitTestResult>
  </Results>
</TestRun>