<?xml version="1.0" encoding="utf-8" standalone="no"?>
<!--This file represents the results of running a test suite-->
<test-results name="C:\Users\robert\Documents\Visual Studio 2010\Projects\Blogposts\MSBuildNUnit\Build\OutDir\MSBuildNUnit.Tests.dll" total="1" errors="0" failures="0" not-run="0" inconclusive="0" ignored="0" skipped="0" invalid="0" date="2010-11-13" time="22:56:09">
  <environment nunit-version="2.5.9.10308" clr-version="2.0.50727.4952" os-version="Microsoft Windows NT 6.1.7600.0" platform="Win32NT" cwd="C:\Users\robert\Documents\Visual Studio 2010\Projects\Blogposts\MSBuildNUnit\Build" machine-name="ROBERT-MBP-WIN" user="robert" user-domain="Robert-MBP-Win" />
  <culture-info current-culture="de-DE" current-uiculture="de-DE" />
  <test-suite type="Assembly" name="C:\Users\robert\Documents\Visual Studio 2010\Projects\Blogposts\MSBuildNUnit\Build\OutDir\MSBuildNUnit.Tests.dll" executed="True" result="Success" success="True" time="0.054" asserts="0">
    <results>
      <test-suite type="Namespace" name="MSBuildNUnit" executed="True" result="Success" success="True" time="0.041" asserts="0">
        <results>
          <test-suite type="Namespace" name="Tests" executed="True" result="Success" success="True" time="0.037" asserts="0">
            <results>
              <test-suite type="TestFixture" name="FooBarTest" executed="True" result="Success" success="True" time="0.031" asserts="0">
                <results>
                  <test-case name="MSBuildNUnit.Tests.FooBarTest.FooBar" executed="True" result="Success" success="True" time="0.021" asserts="1" />
                </results>
              </test-suite>
            </results>
          </test-suite>
        </results>
      </test-suite>
    </results>
  </test-suite>
</test-results>