<?xml version="1.0" encoding="UTF-8"?>
<TestRun id="bb0fe511-5ca1-4efd-8709-10153fdf798e" name="rmu@WUM144031 2008-06-22 23:01:30" runUser="MMSDOM\rmu" xmlns="http://microsoft.com/schemas/VisualStudio/TeamTest/2006">
  <TestRunConfiguration name="Local Test Run" id="0b73bf9f-50b7-4440-b355-e176a0e58cfe">
    <Description>This is a default test run configuration for a local test run.</Description>
    <Deployment runDeploymentRoot="C:\Users\rmu\Documents\Visual Studio 2008\Projects\Blogposts\DllMembership\TestResults\rmu_WUM144031 2008-06-22 23_01_30">
      <DeploymentItem filename="C:\Users\rmu\Documents\Visual Studio 2008\Projects\Blogposts\DllMembership\DllMembership.Lib\bin\Debug\DllMembership.Lib.dll" />
    </Deployment>
    <TestTypeSpecific />
  </TestRunConfiguration>
  <ResultSummary outcome="Failed">
    <Counters total="1" executed="1" error="0" failed="1" timeout="0" aborted="0" inconclusive="0" passedButRunAborted="0" notRunnable="0" notExecuted="0" disconnected="0" warning="0" passed="0" completed="0" inProgress="0" pending="0" />
  </ResultSummary>
  <Times creation="2008-06-22T23:01:30.7538000+02:00" queuing="2008-06-22T23:01:31.2968000+02:00" start="2008-06-22T23:01:31.3338000+02:00" finish="2008-06-22T23:01:32.1668000+02:00" />
  <TestDefinitions>
    <UnitTest name="MembershipService_Retrieve_MembershipUsers_Works" storage="c:\users\rmu\documents\visual studio 2008\projects\blogposts\dllmembership\dllmembership.test\bin\debug\dllmembership.test.dll" id="942fa7a4-37cc-b8d5-89cf-ff90a466664c">
      <Css projectStructure="" iteration="" />
      <Owners>
        <Owner name="" />
      </Owners>
      <Execution id="c0f4f848-ff7c-4fab-818a-a3be9a12f09b" />
      <TestMethod codeBase="C:\Users\rmu\Documents\Visual Studio 2008\Projects\Blogposts\DllMembership\DllMembership.Test\bin\Debug\DllMembership.Test.dll" adapterTypeName="Microsoft.VisualStudio.TestTools.TestTypes.Unit.UnitTestAdapter, Microsoft.VisualStudio.QualityTools.Tips.UnitTest.Adapter, Version=9.0.0.0, Culture=neutral, PublicKeyToken=b03f5f7f11d50a3a" className="DllMembership.Test.MembershipServiceTest, DllMembership.Test" name="MembershipService_Retrieve_MembershipUsers_Works" />
    </UnitTest>
  </TestDefinitions>
  <TestLists>
    <TestList name="Results Not in a List" id="8c84fa94-04c1-424b-9868-57a2d4851a1d" />
    <TestList name="All Loaded Results" id="19431567-8539-422a-85d7-44ee4e166bda" />
  </TestLists>
  <TestEntries>
    <TestEntry testId="942fa7a4-37cc-b8d5-89cf-ff90a466664c" executionId="c0f4f848-ff7c-4fab-818a-a3be9a12f09b" testListId="8c84fa94-04c1-424b-9868-57a2d4851a1d" />
  </TestEntries>
  <Results>
    <UnitTestResult executionId="c0f4f848-ff7c-4fab-818a-a3be9a12f09b" testId="942fa7a4-37cc-b8d5-89cf-ff90a466664c" testName="MembershipService_Retrieve_MembershipUsers_Works" computerName="WUM144031" duration="00:00:00.5911121" startTime="2008-06-22T23:01:31.3658000+02:00" endTime="2008-06-22T23:01:32.1538000+02:00" testType="13cdc9d9-ddb5-4fa4-a97d-d965ccfc6d4b" outcome="Failed" testListId="8c84fa94-04c1-424b-9868-57a2d4851a1d">
      <Output>
        <ErrorInfo>
          <Message>Test method DllMembership.Test.MembershipServiceTest.MembershipService_Retrieve_MembershipUsers_Works threw exception:  System.Configuration.Provider.ProviderException: Der Wert für die maxInvalidPasswordAttempts-Eigenschaft muss eine positive 32-Bit-Ganzzahl sein..</Message>
          <StackTrace>    bei System.Web.Util.SecUtility.GetIntValue(NameValueCollection config, String valueName, Int32 defaultValue, Boolean zeroAllowed, Int32 maxValueAllowed)
   bei System.Web.Security.SqlMembershipProvider.Initialize(String name, NameValueCollection config)
   bei System.Web.Security.Membership.Initialize()
   bei System.Web.Security.Membership.GetAllUsers(Int32 pageIndex, Int32 pageSize, Int32&amp; totalRecords)
   bei System.Web.Security.Membership.GetAllUsers()
   bei DllMembership.Lib.MembershipService.GetUsers() in C:\Users\rmu\Documents\Visual Studio 2008\Projects\Blogposts\DllMembership\DllMembership.Lib\MembershipService.cs:Zeile 13.
   bei DllMembership.Test.MembershipServiceTest.MembershipService_Retrieve_MembershipUsers_Works() in C:\Users\rmu\Documents\Visual Studio 2008\Projects\Blogposts\DllMembership\DllMembership.Test\MembershipServiceTest.cs:Zeile 28.
</StackTrace>
        </ErrorInfo>
      </Output>
    </UnitTestResult>
  </Results>
</TestRun>