<?xml version="1.0" encoding="UTF-8"?>
<TestRun id="fb8b35e1-2990-46fa-98bf-f544266e83e7" name="rmu@WUM144031 2008-06-23 20:17:44" runUser="MMSDOM\rmu" xmlns="http://microsoft.com/schemas/VisualStudio/TeamTest/2006">
  <TestRunConfiguration name="Local Test Run" id="0b73bf9f-50b7-4440-b355-e176a0e58cfe">
    <Description>This is a default test run configuration for a local test run.</Description>
    <Deployment runDeploymentRoot="C:\Users\rmu\Documents\Visual Studio 2008\Projects\Blogposts\DllMembership\TestResults\rmu_WUM144031 2008-06-23 20_17_44">
      <DeploymentItem filename="C:\Users\rmu\Documents\Visual Studio 2008\Projects\Blogposts\DllMembership\DllMembership.Lib\bin\Debug\DllMembership.Lib.dll" />
    </Deployment>
    <TestTypeSpecific />
  </TestRunConfiguration>
  <ResultSummary outcome="Completed">
    <Counters total="1" executed="1" passed="1" error="0" failed="0" timeout="0" aborted="0" inconclusive="0" passedButRunAborted="0" notRunnable="0" notExecuted="0" disconnected="0" warning="0" completed="0" inProgress="0" pending="0" />
  </ResultSummary>
  <Times creation="2008-06-23T20:17:44.2186000+02:00" queuing="2008-06-23T20:17:44.6856000+02:00" start="2008-06-23T20:17:44.7176000+02:00" finish="2008-06-23T20:17:45.4326000+02:00" />
  <TestDefinitions>
    <UnitTest name="MembershipService_Users_Can_Login" storage="c:\users\rmu\documents\visual studio 2008\projects\blogposts\dllmembership\dllmembership.test\bin\debug\dllmembership.test.dll" id="73bac417-f46c-90b9-20ae-581ea90b2e73">
      <Css projectStructure="" iteration="" />
      <Owners>
        <Owner name="" />
      </Owners>
      <Execution id="f33d2ef1-5776-4c6b-88c4-8eaa0dccdf19" />
      <TestMethod codeBase="C:\Users\rmu\Documents\Visual Studio 2008\Projects\Blogposts\DllMembership\DllMembership.Test\bin\Debug\DllMembership.Test.dll" adapterTypeName="Microsoft.VisualStudio.TestTools.TestTypes.Unit.UnitTestAdapter, Microsoft.VisualStudio.QualityTools.Tips.UnitTest.Adapter, Version=9.0.0.0, Culture=neutral, PublicKeyToken=b03f5f7f11d50a3a" className="DllMembership.Test.MembershipServiceTest, DllMembership.Test" name="MembershipService_Users_Can_Login" />
    </UnitTest>
  </TestDefinitions>
  <TestLists>
    <TestList name="Results Not in a List" id="8c84fa94-04c1-424b-9868-57a2d4851a1d" />
    <TestList name="All Loaded Results" id="19431567-8539-422a-85d7-44ee4e166bda" />
  </TestLists>
  <TestEntries>
    <TestEntry testId="73bac417-f46c-90b9-20ae-581ea90b2e73" executionId="f33d2ef1-5776-4c6b-88c4-8eaa0dccdf19" testListId="8c84fa94-04c1-424b-9868-57a2d4851a1d" />
  </TestEntries>
  <Results>
    <UnitTestResult executionId="f33d2ef1-5776-4c6b-88c4-8eaa0dccdf19" testId="73bac417-f46c-90b9-20ae-581ea90b2e73" testName="MembershipService_Users_Can_Login" computerName="WUM144031" duration="00:00:00.4340856" startTime="2008-06-23T20:17:44.7706000+02:00" endTime="2008-06-23T20:17:45.3576000+02:00" testType="13cdc9d9-ddb5-4fa4-a97d-d965ccfc6d4b" outcome="Passed" testListId="8c84fa94-04c1-424b-9868-57a2d4851a1d">
      <Output>
      </Output>
    </UnitTestResult>
  </Results>
</TestRun>